<testsuites id="" name="" tests="6" failures="2" skipped="0" errors="0" time="12.314819000000002">
<testsuite name="example.spec.ts" timestamp="2024-09-27T13:55:20.749Z" hostname="chromium" tests="2" failures="0" skipped="0" time="2.98" errors="0">
<testcase name="has title" classname="example.spec.ts" time="1.177">
<system-out>
<![CDATA[
[[ATTACHMENT|test-results/example-has-title-chromium/video.webm]]

[[ATTACHMENT|test-results/example-has-title-chromium/trace.zip]]
]]>
</system-out>
</testcase>
<testcase name="get started link" classname="example.spec.ts" time="1.803">
<system-out>
<![CDATA[
[[ATTACHMENT|test-results/example-get-started-link-chromium/video.webm]]

[[ATTACHMENT|test-results/example-get-started-link-chromium/trace.zip]]
]]>
</system-out>
</testcase>
</testsuite>
<testsuite name="example.spec.ts" timestamp="2024-09-27T13:55:20.749Z" hostname="firefox" tests="2" failures="0" skipped="0" time="3.764" errors="0">
<testcase name="has title" classname="example.spec.ts" time="1.776">
<system-out>
<![CDATA[
[[ATTACHMENT|test-results/example-has-title-firefox/video.webm]]

[[ATTACHMENT|test-results/example-has-title-firefox/trace.zip]]
]]>
</system-out>
</testcase>
<testcase name="get started link" classname="example.spec.ts" time="1.988">
<system-out>
<![CDATA[
[[ATTACHMENT|test-results/example-get-started-link-firefox/video.webm]]

[[ATTACHMENT|test-results/example-get-started-link-firefox/trace.zip]]
]]>
</system-out>
</testcase>
</testsuite>
<testsuite name="example.spec.ts" timestamp="2024-09-27T13:55:20.749Z" hostname="webkit" tests="2" failures="2" skipped="0" time="2.035" errors="0">
<testcase name="has title" classname="example.spec.ts" time="1.025">
<failure message="example.spec.ts:3:5 has title" type="FAILURE">
<![CDATA[  [webkit] › example.spec.ts:3:5 › has title ───────────────────────────────────────────────────────

    Error: page.goto: WebKit encountered an internal error
    Call log:
      - navigating to "https://playwright.dev/", waiting until "load"


      2 |
      3 | test('has title', async ({ page }) => {
    > 4 |   await page.goto('https://playwright.dev/');
        |              ^
      5 |
      6 |   // Expect a title "to contain" a substring.
      7 |   await expect(page).toHaveTitle(/Playwright/);

        at /home/nick-weeks/codeDevelopment/azuredevop-playwright-test/tests/example.spec.ts:4:14

    attachment #1: screenshot (image/png) ──────────────────────────────────────────────────────────
    test-results/example-has-title-webkit/test-failed-1.png
    ────────────────────────────────────────────────────────────────────────────────────────────────

    attachment #2: video (video/webm) ──────────────────────────────────────────────────────────────
    test-results/example-has-title-webkit/video.webm
    ────────────────────────────────────────────────────────────────────────────────────────────────

    attachment #3: trace (application/zip) ─────────────────────────────────────────────────────────
    test-results/example-has-title-webkit/trace.zip
    Usage:

        npx playwright show-trace test-results/example-has-title-webkit/trace.zip

    ────────────────────────────────────────────────────────────────────────────────────────────────
]]>
</failure>
<system-out>
<![CDATA[
[[ATTACHMENT|test-results/example-has-title-webkit/test-failed-1.png]]

[[ATTACHMENT|test-results/example-has-title-webkit/video.webm]]

[[ATTACHMENT|test-results/example-has-title-webkit/trace.zip]]
]]>
</system-out>
</testcase>
<testcase name="get started link" classname="example.spec.ts" time="1.01">
<failure message="example.spec.ts:10:5 get started link" type="FAILURE">
<![CDATA[  [webkit] › example.spec.ts:10:5 › get started link ───────────────────────────────────────────────

    Error: page.goto: WebKit encountered an internal error
    Call log:
      - navigating to "https://playwright.dev/", waiting until "load"


       9 |
      10 | test('get started link', async ({ page }) => {
    > 11 |   await page.goto('https://playwright.dev/');
         |              ^
      12 |
      13 |   // Click the get started link.
      14 |   await page.getByRole('link', { name: 'Get started' }).click();

        at /home/nick-weeks/codeDevelopment/azuredevop-playwright-test/tests/example.spec.ts:11:14

    attachment #1: screenshot (image/png) ──────────────────────────────────────────────────────────
    test-results/example-get-started-link-webkit/test-failed-1.png
    ────────────────────────────────────────────────────────────────────────────────────────────────

    attachment #2: video (video/webm) ──────────────────────────────────────────────────────────────
    test-results/example-get-started-link-webkit/video.webm
    ────────────────────────────────────────────────────────────────────────────────────────────────

    attachment #3: trace (application/zip) ─────────────────────────────────────────────────────────
    test-results/example-get-started-link-webkit/trace.zip
    Usage:

        npx playwright show-trace test-results/example-get-started-link-webkit/trace.zip

    ────────────────────────────────────────────────────────────────────────────────────────────────
]]>
</failure>
<system-out>
<![CDATA[
[[ATTACHMENT|test-results/example-get-started-link-webkit/test-failed-1.png]]

[[ATTACHMENT|test-results/example-get-started-link-webkit/video.webm]]

[[ATTACHMENT|test-results/example-get-started-link-webkit/trace.zip]]
]]>
</system-out>
</testcase>
</testsuite>
</testsuites>